Flow report for pr3
Fri Mar 27 19:13:43 2026
Quartus II Version 9.1 Build 350 03/24/2010 Service Pack 2 SJ Web Edition


---------------------
; Table of Contents ;
---------------------
  1. Legal Notice
  2. Flow Summary
  3. Flow Settings
  4. Flow Non-Default Global Settings
  5. Flow Elapsed Time
  6. Flow OS Summary
  7. Flow Log



----------------
; Legal Notice ;
----------------
Copyright (C) 1991-2010 Altera Corporation
Your use of Altera Corporation's design tools, logic functions 
and other software and tools, and its AMPP partner logic 
functions, and any output files from any of the foregoing 
(including device programming or simulation files), and any 
associated documentation or information are expressly subject 
to the terms and conditions of the Altera Program License 
Subscription Agreement, Altera MegaCore Function License 
Agreement, or other applicable license agreement, including, 
without limitation, that your use is for the sole purpose of 
programming logic devices manufactured by Altera and sold by 
Altera or its authorized distributors.  Please refer to the 
applicable agreement for further details.



+-----------------------------------------------------------------------------------+
; Flow Summary                                                                      ;
+------------------------------------+----------------------------------------------+
; Flow Status                        ; Successful - Fri Mar 27 19:13:39 2026        ;
; Quartus II Version                 ; 9.1 Build 350 03/24/2010 SP 2 SJ Web Edition ;
; Revision Name                      ; pr3                                          ;
; Top-level Entity Name              ; pr3                                          ;
; Family                             ; Cyclone IV E                                 ;
; Met timing requirements            ; N/A                                          ;
; Total logic elements               ; 10 / 6,272 ( < 1 % )                         ;
;     Total combinational functions  ; 9 / 6,272 ( < 1 % )                          ;
;     Dedicated logic registers      ; 5 / 6,272 ( < 1 % )                          ;
; Total registers                    ; 5                                            ;
; Total pins                         ; 16 / 92 ( 17 % )                             ;
; Total virtual pins                 ; 0                                            ;
; Total memory bits                  ; 0 / 276,480 ( 0 % )                          ;
; Embedded Multiplier 9-bit elements ; 0 / 30 ( 0 % )                               ;
; Total PLLs                         ; 0 / 2 ( 0 % )                                ;
; Device                             ; EP4CE6E22C6                                  ;
; Timing Models                      ; Preliminary                                  ;
+------------------------------------+----------------------------------------------+


+-----------------------------------------+
; Flow Settings                           ;
+-------------------+---------------------+
; Option            ; Setting             ;
+-------------------+---------------------+
; Start date & time ; 03/27/2026 19:13:18 ;
; Main task         ; Compilation         ;
; Revision Name     ; pr3                 ;
+-------------------+---------------------+


+-----------------------------------------------------------------------------------------------------------------+
; Flow Non-Default Global Settings                                                                                ;
+------------------------------------+-----------------------------+---------------+-------------+----------------+
; Assignment Name                    ; Value                       ; Default Value ; Entity Name ; Section Id     ;
+------------------------------------+-----------------------------+---------------+-------------+----------------+
; COMPILER_SIGNATURE_ID              ; 52236022937.177462799704376 ; --            ; --          ; --             ;
; PARTITION_COLOR                    ; 16764057                    ; --            ; --          ; Top            ;
; PARTITION_NETLIST_TYPE             ; SOURCE                      ; --            ; --          ; Top            ;
; USE_GENERATED_PHYSICAL_CONSTRAINTS ; Off                         ; --            ; --          ; eda_blast_fpga ;
+------------------------------------+-----------------------------+---------------+-------------+----------------+


+-------------------------------------------------------------------------------------------------------------------------------+
; Flow Elapsed Time                                                                                                             ;
+---------------------------+--------------+-------------------------+---------------------+------------------------------------+
; Module Name               ; Elapsed Time ; Average Processors Used ; Peak Virtual Memory ; Total CPU Time (on all processors) ;
+---------------------------+--------------+-------------------------+---------------------+------------------------------------+
; Analysis & Synthesis      ; 00:00:04     ; 1.0                     ; 214 MB              ; 00:00:03                           ;
; Fitter                    ; 00:00:06     ; 1.0                     ; 264 MB              ; 00:00:05                           ;
; TimeQuest Timing Analyzer ; 00:00:07     ; 1.0                     ; 231 MB              ; 00:00:04                           ;
; Assembler                 ; 00:00:02     ; 1.0                     ; 207 MB              ; 00:00:01                           ;
; Total                     ; 00:00:17     ; --                      ; --                  ; 00:00:12                           ;
+---------------------------+--------------+-------------------------+---------------------+------------------------------------+


+--------------------------------------------------------------------------------------------+
; Flow OS Summary                                                                            ;
+---------------------------+------------------+---------------+------------+----------------+
; Module Name               ; Machine Hostname ; OS Name       ; OS Version ; Processor type ;
+---------------------------+------------------+---------------+------------+----------------+
; Analysis & Synthesis      ; DESKTOP-CVG43R0  ; Windows Vista ; 6.2        ; x86_64         ;
; Fitter                    ; DESKTOP-CVG43R0  ; Windows Vista ; 6.2        ; x86_64         ;
; Assembler                 ; DESKTOP-CVG43R0  ; Windows Vista ; 6.2        ; x86_64         ;
; TimeQuest Timing Analyzer ; DESKTOP-CVG43R0  ; Windows Vista ; 6.2        ; x86_64         ;
+---------------------------+------------------+---------------+------------+----------------+


------------
; Flow Log ;
------------
quartus_map --read_settings_files=on --write_settings_files=off pr3 -c pr3
quartus_fit --read_settings_files=off --write_settings_files=off pr3 -c pr3
quartus_asm --read_settings_files=off --write_settings_files=off pr3 -c pr3
quartus_sta pr3 -c pr3



