Classic Timing Analyzer report for pr3
Fri Mar 27 19:12:31 2026
Quartus II Version 9.1 Build 350 03/24/2010 Service Pack 2 SJ Web Edition


---------------------
; Table of Contents ;
---------------------
  1. Legal Notice
  2. Timing Analyzer Summary
  3. Timing Analyzer Settings
  4. Clock Settings Summary
  5. Parallel Compilation
  6. tsu
  7. tco
  8. tpd
  9. th
 10. Timing Analyzer Messages



----------------
; Legal Notice ;
----------------
Copyright (C) 1991-2010 Altera Corporation
Your use of Altera Corporation's design tools, logic functions 
and other software and tools, and its AMPP partner logic 
functions, and any output files from any of the foregoing 
(including device programming or simulation files), and any 
associated documentation or information are expressly subject 
to the terms and conditions of the Altera Program License 
Subscription Agreement, Altera MegaCore Function License 
Agreement, or other applicable license agreement, including, 
without limitation, that your use is for the sole purpose of 
programming logic devices manufactured by Altera and sold by 
Altera or its authorized distributors.  Please refer to the 
applicable agreement for further details.



+---------------------------------------------------------------------------------------------------------------------------------------+
; Timing Analyzer Summary                                                                                                               ;
+------------------------------+-------+---------------+-------------+-------------+-------------+------------+----------+--------------+
; Type                         ; Slack ; Required Time ; Actual Time ; From        ; To          ; From Clock ; To Clock ; Failed Paths ;
+------------------------------+-------+---------------+-------------+-------------+-------------+------------+----------+--------------+
; Worst-case tsu               ; N/A   ; None          ; 3.346 ns    ; i_b[2]      ; sum_temp[3] ; --         ; i_clk    ; 0            ;
; Worst-case tco               ; N/A   ; None          ; 7.658 ns    ; sum_temp[3] ; o_sum[1]    ; i_clk      ; --       ; 0            ;
; Worst-case tpd               ; N/A   ; None          ; 9.807 ns    ; i_b[3]      ; o_sum[1]    ; --         ; --       ; 0            ;
; Worst-case th                ; N/A   ; None          ; -2.655 ns   ; i_b[1]      ; sum_temp[1] ; --         ; i_clk    ; 0            ;
; Total number of failed paths ;       ;               ;             ;             ;             ;            ;          ; 0            ;
+------------------------------+-------+---------------+-------------+-------------+-------------+------------+----------+--------------+


+-----------------------------------------------------------------------------------------------------------------------------------------------------+
; Timing Analyzer Settings                                                                                                                            ;
+------------------------------------------------------------------------------------------------------+--------------------+------+----+-------------+
; Option                                                                                               ; Setting            ; From ; To ; Entity Name ;
+------------------------------------------------------------------------------------------------------+--------------------+------+----+-------------+
; Device Name                                                                                          ; EP2S15F484C3       ;      ;    ;             ;
; Timing Models                                                                                        ; Final              ;      ;    ;             ;
; Default hold multicycle                                                                              ; Same as Multicycle ;      ;    ;             ;
; Cut paths between unrelated clock domains                                                            ; On                 ;      ;    ;             ;
; Cut off read during write signal paths                                                               ; On                 ;      ;    ;             ;
; Cut off feedback from I/O pins                                                                       ; On                 ;      ;    ;             ;
; Report Combined Fast/Slow Timing                                                                     ; Off                ;      ;    ;             ;
; Ignore Clock Settings                                                                                ; Off                ;      ;    ;             ;
; Analyze latches as synchronous elements                                                              ; On                 ;      ;    ;             ;
; Enable Recovery/Removal analysis                                                                     ; Off                ;      ;    ;             ;
; Enable Clock Latency                                                                                 ; Off                ;      ;    ;             ;
; Use TimeQuest Timing Analyzer                                                                        ; Off                ;      ;    ;             ;
; Number of source nodes to report per destination node                                                ; 10                 ;      ;    ;             ;
; Number of destination nodes to report                                                                ; 10                 ;      ;    ;             ;
; Number of paths to report                                                                            ; 200                ;      ;    ;             ;
; Report Minimum Timing Checks                                                                         ; Off                ;      ;    ;             ;
; Use Fast Timing Models                                                                               ; Off                ;      ;    ;             ;
; Report IO Paths Separately                                                                           ; Off                ;      ;    ;             ;
; Perform Multicorner Analysis                                                                         ; On                 ;      ;    ;             ;
; Reports the worst-case path for each clock domain and analysis                                       ; Off                ;      ;    ;             ;
; Reports worst-case timing paths for each clock domain and analysis                                   ; Off                ;      ;    ;             ;
; Specifies the maximum number of worst-case timing paths to report for each clock domain and analysis ; 100                ;      ;    ;             ;
; Removes common clock path pessimism (CCPP) during slack computation                                  ; Off                ;      ;    ;             ;
; Output I/O Timing Endpoint                                                                           ; Near End           ;      ;    ;             ;
+------------------------------------------------------------------------------------------------------+--------------------+------+----+-------------+


+------------------------------------------------------------------------------------------------------------------------------------------------------------------------------------+
; Clock Settings Summary                                                                                                                                                             ;
+-----------------+--------------------+----------+------------------+---------------+--------------+----------+-----------------------+---------------------+--------+--------------+
; Clock Node Name ; Clock Setting Name ; Type     ; Fmax Requirement ; Early Latency ; Late Latency ; Based on ; Multiply Base Fmax by ; Divide Base Fmax by ; Offset ; Phase offset ;
+-----------------+--------------------+----------+------------------+---------------+--------------+----------+-----------------------+---------------------+--------+--------------+
; i_clk           ;                    ; User Pin ; None             ; 0.000 ns      ; 0.000 ns     ; --       ; N/A                   ; N/A                 ; N/A    ;              ;
+-----------------+--------------------+----------+------------------+---------------+--------------+----------+-----------------------+---------------------+--------+--------------+


Parallel compilation was disabled, but you have multiple processors available. Enable parallel compilation to reduce compilation time.
+-------------------------------------+
; Parallel Compilation                ;
+----------------------------+--------+
; Processors                 ; Number ;
+----------------------------+--------+
; Number detected on machine ; 2      ;
; Maximum allowed            ; 1      ;
+----------------------------+--------+


+-----------------------------------------------------------------------+
; tsu                                                                   ;
+-------+--------------+------------+---------+--------------+----------+
; Slack ; Required tsu ; Actual tsu ; From    ; To           ; To Clock ;
+-------+--------------+------------+---------+--------------+----------+
; N/A   ; None         ; 3.346 ns   ; i_b[2]  ; sum_temp[3]  ; i_clk    ;
; N/A   ; None         ; 3.329 ns   ; i_b[0]  ; sum_temp[3]  ; i_clk    ;
; N/A   ; None         ; 3.317 ns   ; i_a[3]  ; sum_temp[3]  ; i_clk    ;
; N/A   ; None         ; 3.297 ns   ; i_b[2]  ; sum_temp[2]  ; i_clk    ;
; N/A   ; None         ; 3.294 ns   ; i_b[0]  ; sum_temp[2]  ; i_clk    ;
; N/A   ; None         ; 3.286 ns   ; i_b[3]  ; sum_temp[3]  ; i_clk    ;
; N/A   ; None         ; 3.272 ns   ; i_a[0]  ; sum_temp[3]  ; i_clk    ;
; N/A   ; None         ; 3.259 ns   ; i_b[0]  ; sum_temp[1]  ; i_clk    ;
; N/A   ; None         ; 3.237 ns   ; i_a[0]  ; sum_temp[2]  ; i_clk    ;
; N/A   ; None         ; 3.208 ns   ; i_b[0]  ; sum_temp[0]  ; i_clk    ;
; N/A   ; None         ; 3.202 ns   ; i_a[0]  ; sum_temp[1]  ; i_clk    ;
; N/A   ; None         ; 3.200 ns   ; i_valid ; o_valid~reg0 ; i_clk    ;
; N/A   ; None         ; 3.147 ns   ; i_a[2]  ; sum_temp[3]  ; i_clk    ;
; N/A   ; None         ; 3.132 ns   ; i_a[0]  ; sum_temp[0]  ; i_clk    ;
; N/A   ; None         ; 3.084 ns   ; i_a[2]  ; sum_temp[2]  ; i_clk    ;
; N/A   ; None         ; 3.033 ns   ; i_a[1]  ; sum_temp[3]  ; i_clk    ;
; N/A   ; None         ; 2.998 ns   ; i_a[1]  ; sum_temp[2]  ; i_clk    ;
; N/A   ; None         ; 2.986 ns   ; i_b[1]  ; sum_temp[3]  ; i_clk    ;
; N/A   ; None         ; 2.951 ns   ; i_b[1]  ; sum_temp[2]  ; i_clk    ;
; N/A   ; None         ; 2.935 ns   ; i_a[1]  ; sum_temp[1]  ; i_clk    ;
; N/A   ; None         ; 2.894 ns   ; i_b[1]  ; sum_temp[1]  ; i_clk    ;
+-------+--------------+------------+---------+--------------+----------+


+----------------------------------------------------------------------------+
; tco                                                                        ;
+-------+--------------+------------+--------------+------------+------------+
; Slack ; Required tco ; Actual tco ; From         ; To         ; From Clock ;
+-------+--------------+------------+--------------+------------+------------+
; N/A   ; None         ; 7.658 ns   ; sum_temp[3]  ; o_sum[1]   ; i_clk      ;
; N/A   ; None         ; 7.621 ns   ; sum_temp[3]  ; o_sum[3]   ; i_clk      ;
; N/A   ; None         ; 7.475 ns   ; sum_temp[1]  ; o_sum[1]   ; i_clk      ;
; N/A   ; None         ; 7.377 ns   ; sum_temp[3]  ; o_overflow ; i_clk      ;
; N/A   ; None         ; 7.143 ns   ; sum_temp[3]  ; o_sum[2]   ; i_clk      ;
; N/A   ; None         ; 6.998 ns   ; sum_temp[2]  ; o_sum[2]   ; i_clk      ;
; N/A   ; None         ; 6.507 ns   ; sum_temp[3]  ; o_sum[0]   ; i_clk      ;
; N/A   ; None         ; 6.455 ns   ; sum_temp[0]  ; o_sum[0]   ; i_clk      ;
; N/A   ; None         ; 5.695 ns   ; o_valid~reg0 ; o_valid    ; i_clk      ;
+-------+--------------+------------+--------------+------------+------------+


+-------------------------------------------------------------------+
; tpd                                                               ;
+-------+-------------------+-----------------+--------+------------+
; Slack ; Required P2P Time ; Actual P2P Time ; From   ; To         ;
+-------+-------------------+-----------------+--------+------------+
; N/A   ; None              ; 9.807 ns        ; i_b[3] ; o_sum[1]   ;
; N/A   ; None              ; 9.770 ns        ; i_b[3] ; o_sum[3]   ;
; N/A   ; None              ; 9.768 ns        ; i_a[3] ; o_sum[1]   ;
; N/A   ; None              ; 9.729 ns        ; i_a[3] ; o_sum[3]   ;
; N/A   ; None              ; 9.720 ns        ; i_a[3] ; o_overflow ;
; N/A   ; None              ; 9.644 ns        ; i_b[3] ; o_overflow ;
; N/A   ; None              ; 9.623 ns        ; i_a[3] ; o_sum[2]   ;
; N/A   ; None              ; 8.987 ns        ; i_a[3] ; o_sum[0]   ;
; N/A   ; None              ; 8.923 ns        ; i_b[3] ; o_sum[2]   ;
; N/A   ; None              ; 8.286 ns        ; i_b[3] ; o_sum[0]   ;
+-------+-------------------+-----------------+--------+------------+


+-----------------------------------------------------------------------------+
; th                                                                          ;
+---------------+-------------+-----------+---------+--------------+----------+
; Minimum Slack ; Required th ; Actual th ; From    ; To           ; To Clock ;
+---------------+-------------+-----------+---------+--------------+----------+
; N/A           ; None        ; -2.655 ns ; i_b[1]  ; sum_temp[1]  ; i_clk    ;
; N/A           ; None        ; -2.696 ns ; i_a[1]  ; sum_temp[1]  ; i_clk    ;
; N/A           ; None        ; -2.712 ns ; i_b[1]  ; sum_temp[2]  ; i_clk    ;
; N/A           ; None        ; -2.747 ns ; i_b[1]  ; sum_temp[3]  ; i_clk    ;
; N/A           ; None        ; -2.759 ns ; i_a[1]  ; sum_temp[2]  ; i_clk    ;
; N/A           ; None        ; -2.794 ns ; i_a[1]  ; sum_temp[3]  ; i_clk    ;
; N/A           ; None        ; -2.845 ns ; i_a[2]  ; sum_temp[2]  ; i_clk    ;
; N/A           ; None        ; -2.893 ns ; i_a[0]  ; sum_temp[0]  ; i_clk    ;
; N/A           ; None        ; -2.908 ns ; i_a[2]  ; sum_temp[3]  ; i_clk    ;
; N/A           ; None        ; -2.961 ns ; i_valid ; o_valid~reg0 ; i_clk    ;
; N/A           ; None        ; -2.963 ns ; i_a[0]  ; sum_temp[1]  ; i_clk    ;
; N/A           ; None        ; -2.969 ns ; i_b[0]  ; sum_temp[0]  ; i_clk    ;
; N/A           ; None        ; -2.998 ns ; i_a[0]  ; sum_temp[2]  ; i_clk    ;
; N/A           ; None        ; -3.020 ns ; i_b[0]  ; sum_temp[1]  ; i_clk    ;
; N/A           ; None        ; -3.033 ns ; i_a[0]  ; sum_temp[3]  ; i_clk    ;
; N/A           ; None        ; -3.047 ns ; i_b[3]  ; sum_temp[3]  ; i_clk    ;
; N/A           ; None        ; -3.055 ns ; i_b[0]  ; sum_temp[2]  ; i_clk    ;
; N/A           ; None        ; -3.058 ns ; i_b[2]  ; sum_temp[2]  ; i_clk    ;
; N/A           ; None        ; -3.078 ns ; i_a[3]  ; sum_temp[3]  ; i_clk    ;
; N/A           ; None        ; -3.090 ns ; i_b[0]  ; sum_temp[3]  ; i_clk    ;
; N/A           ; None        ; -3.107 ns ; i_b[2]  ; sum_temp[3]  ; i_clk    ;
+---------------+-------------+-----------+---------+--------------+----------+


+--------------------------+
; Timing Analyzer Messages ;
+--------------------------+
Info: *******************************************************************
Info: Running Quartus II Classic Timing Analyzer
    Info: Version 9.1 Build 350 03/24/2010 Service Pack 2 SJ Web Edition
    Info: Processing started: Fri Mar 27 19:12:30 2026
Info: Command: quartus_tan --read_settings_files=off --write_settings_files=off pr3 -c pr3 --timing_analysis_only
Warning: Found pins functioning as undefined clocks and/or memory enables
    Info: Assuming node "i_clk" is an undefined clock
Info: No valid register-to-register data paths exist for clock "i_clk"
Info: tsu for register "sum_temp[3]" (data pin = "i_b[2]", clock pin = "i_clk") is 3.346 ns
    Info: + Longest pin to register delay is 5.725 ns
        Info: 1: + IC(0.000 ns) + CELL(0.772 ns) = 0.772 ns; Loc. = PIN_Y9; Fanout = 2; PIN Node = 'i_b[2]'
        Info: 2: + IC(4.215 ns) + CELL(0.516 ns) = 5.503 ns; Loc. = LCCOMB_X29_Y6_N20; Fanout = 1; COMB Node = 'Add0~10'
        Info: 3: + IC(0.000 ns) + CELL(0.125 ns) = 5.628 ns; Loc. = LCCOMB_X29_Y6_N22; Fanout = 1; COMB Node = 'Add0~13'
        Info: 4: + IC(0.000 ns) + CELL(0.097 ns) = 5.725 ns; Loc. = LCFF_X29_Y6_N23; Fanout = 5; REG Node = 'sum_temp[3]'
        Info: Total cell delay = 1.510 ns ( 26.38 % )
        Info: Total interconnect delay = 4.215 ns ( 73.62 % )
    Info: + Micro setup delay of destination is 0.090 ns
    Info: - Shortest clock path from clock "i_clk" to destination register is 2.469 ns
        Info: 1: + IC(0.000 ns) + CELL(0.854 ns) = 0.854 ns; Loc. = PIN_N20; Fanout = 1; CLK Node = 'i_clk'
        Info: 2: + IC(0.343 ns) + CELL(0.000 ns) = 1.197 ns; Loc. = CLKCTRL_G3; Fanout = 5; COMB Node = 'i_clk~clkctrl'
        Info: 3: + IC(0.654 ns) + CELL(0.618 ns) = 2.469 ns; Loc. = LCFF_X29_Y6_N23; Fanout = 5; REG Node = 'sum_temp[3]'
        Info: Total cell delay = 1.472 ns ( 59.62 % )
        Info: Total interconnect delay = 0.997 ns ( 40.38 % )
Info: tco from clock "i_clk" to destination pin "o_sum[1]" through register "sum_temp[3]" is 7.658 ns
    Info: + Longest clock path from clock "i_clk" to source register is 2.469 ns
        Info: 1: + IC(0.000 ns) + CELL(0.854 ns) = 0.854 ns; Loc. = PIN_N20; Fanout = 1; CLK Node = 'i_clk'
        Info: 2: + IC(0.343 ns) + CELL(0.000 ns) = 1.197 ns; Loc. = CLKCTRL_G3; Fanout = 5; COMB Node = 'i_clk~clkctrl'
        Info: 3: + IC(0.654 ns) + CELL(0.618 ns) = 2.469 ns; Loc. = LCFF_X29_Y6_N23; Fanout = 5; REG Node = 'sum_temp[3]'
        Info: Total cell delay = 1.472 ns ( 59.62 % )
        Info: Total interconnect delay = 0.997 ns ( 40.38 % )
    Info: + Micro clock to output delay of source is 0.094 ns
    Info: + Longest register to pin delay is 5.095 ns
        Info: 1: + IC(0.000 ns) + CELL(0.000 ns) = 0.000 ns; Loc. = LCFF_X29_Y6_N23; Fanout = 5; REG Node = 'sum_temp[3]'
        Info: 2: + IC(0.270 ns) + CELL(0.346 ns) = 0.616 ns; Loc. = LCCOMB_X29_Y6_N4; Fanout = 1; COMB Node = 'o_sum~1'
        Info: 3: + IC(2.443 ns) + CELL(2.036 ns) = 5.095 ns; Loc. = PIN_C10; Fanout = 0; PIN Node = 'o_sum[1]'
        Info: Total cell delay = 2.382 ns ( 46.75 % )
        Info: Total interconnect delay = 2.713 ns ( 53.25 % )
Info: Longest tpd from source pin "i_b[3]" to destination pin "o_sum[1]" is 9.807 ns
    Info: 1: + IC(0.000 ns) + CELL(0.857 ns) = 0.857 ns; Loc. = PIN_AA6; Fanout = 6; PIN Node = 'i_b[3]'
    Info: 2: + IC(4.105 ns) + CELL(0.366 ns) = 5.328 ns; Loc. = LCCOMB_X29_Y6_N4; Fanout = 1; COMB Node = 'o_sum~1'
    Info: 3: + IC(2.443 ns) + CELL(2.036 ns) = 9.807 ns; Loc. = PIN_C10; Fanout = 0; PIN Node = 'o_sum[1]'
    Info: Total cell delay = 3.259 ns ( 33.23 % )
    Info: Total interconnect delay = 6.548 ns ( 66.77 % )
Info: th for register "sum_temp[1]" (data pin = "i_b[1]", clock pin = "i_clk") is -2.655 ns
    Info: + Longest clock path from clock "i_clk" to destination register is 2.469 ns
        Info: 1: + IC(0.000 ns) + CELL(0.854 ns) = 0.854 ns; Loc. = PIN_N20; Fanout = 1; CLK Node = 'i_clk'
        Info: 2: + IC(0.343 ns) + CELL(0.000 ns) = 1.197 ns; Loc. = CLKCTRL_G3; Fanout = 5; COMB Node = 'i_clk~clkctrl'
        Info: 3: + IC(0.654 ns) + CELL(0.618 ns) = 2.469 ns; Loc. = LCFF_X29_Y6_N19; Fanout = 1; REG Node = 'sum_temp[1]'
        Info: Total cell delay = 1.472 ns ( 59.62 % )
        Info: Total interconnect delay = 0.997 ns ( 40.38 % )
    Info: + Micro hold delay of destination is 0.149 ns
    Info: - Shortest pin to register delay is 5.273 ns
        Info: 1: + IC(0.000 ns) + CELL(0.817 ns) = 0.817 ns; Loc. = PIN_U10; Fanout = 2; PIN Node = 'i_b[1]'
        Info: 2: + IC(3.941 ns) + CELL(0.418 ns) = 5.176 ns; Loc. = LCCOMB_X29_Y6_N18; Fanout = 1; COMB Node = 'Add0~5'
        Info: 3: + IC(0.000 ns) + CELL(0.097 ns) = 5.273 ns; Loc. = LCFF_X29_Y6_N19; Fanout = 1; REG Node = 'sum_temp[1]'
        Info: Total cell delay = 1.332 ns ( 25.26 % )
        Info: Total interconnect delay = 3.941 ns ( 74.74 % )
Info: Quartus II Classic Timing Analyzer was successful. 0 errors, 1 warning
    Info: Peak virtual memory: 172 megabytes
    Info: Processing ended: Fri Mar 27 19:12:31 2026
    Info: Elapsed time: 00:00:01
    Info: Total CPU time (on all processors): 00:00:01


