Classic Timing Analyzer report for lec_6
Sat Apr 11 15:32:37 2026
Quartus II Version 9.1 Build 350 03/24/2010 Service Pack 2 SJ Web Edition


---------------------
; Table of Contents ;
---------------------
  1. Legal Notice
  2. Timing Analyzer Summary
  3. Timing Analyzer Settings
  4. Clock Settings Summary
  5. Parallel Compilation
  6. Clock Setup: 'i_clk'
  7. tsu
  8. tco
  9. th
 10. Timing Analyzer Messages



----------------
; Legal Notice ;
----------------
Copyright (C) 1991-2010 Altera Corporation
Your use of Altera Corporation's design tools, logic functions 
and other software and tools, and its AMPP partner logic 
functions, and any output files from any of the foregoing 
(including device programming or simulation files), and any 
associated documentation or information are expressly subject 
to the terms and conditions of the Altera Program License 
Subscription Agreement, Altera MegaCore Function License 
Agreement, or other applicable license agreement, including, 
without limitation, that your use is for the sole purpose of 
programming logic devices manufactured by Altera and sold by 
Altera or its authorized distributors.  Please refer to the 
applicable agreement for further details.



+------------------------------------------------------------------------------------------------------------------------------------------------------------------------------+
; Timing Analyzer Summary                                                                                                                                                      ;
+------------------------------+-------+---------------+------------------------------------------------+---------------+---------------+------------+----------+--------------+
; Type                         ; Slack ; Required Time ; Actual Time                                    ; From          ; To            ; From Clock ; To Clock ; Failed Paths ;
+------------------------------+-------+---------------+------------------------------------------------+---------------+---------------+------------+----------+--------------+
; Worst-case tsu               ; N/A   ; None          ; 3.331 ns                                       ; i_valid       ; valid_rg      ; --         ; i_clk    ; 0            ;
; Worst-case tco               ; N/A   ; None          ; 7.363 ns                                       ; o_sum[2]~reg0 ; o_sum[2]      ; i_clk      ; --       ; 0            ;
; Worst-case th                ; N/A   ; None          ; -2.364 ns                                      ; i_a[3]        ; a_rg[3]       ; --         ; i_clk    ; 0            ;
; Clock Setup: 'i_clk'         ; N/A   ; None          ; Restricted to 500.00 MHz ( period = 2.000 ns ) ; a_rg[0]       ; o_sum[3]~reg0 ; i_clk      ; i_clk    ; 0            ;
; Total number of failed paths ;       ;               ;                                                ;               ;               ;            ;          ; 0            ;
+------------------------------+-------+---------------+------------------------------------------------+---------------+---------------+------------+----------+--------------+


+-----------------------------------------------------------------------------------------------------------------------------------------------------+
; Timing Analyzer Settings                                                                                                                            ;
+------------------------------------------------------------------------------------------------------+--------------------+------+----+-------------+
; Option                                                                                               ; Setting            ; From ; To ; Entity Name ;
+------------------------------------------------------------------------------------------------------+--------------------+------+----+-------------+
; Device Name                                                                                          ; EP2S15F484C3       ;      ;    ;             ;
; Timing Models                                                                                        ; Final              ;      ;    ;             ;
; Default hold multicycle                                                                              ; Same as Multicycle ;      ;    ;             ;
; Cut paths between unrelated clock domains                                                            ; On                 ;      ;    ;             ;
; Cut off read during write signal paths                                                               ; On                 ;      ;    ;             ;
; Cut off feedback from I/O pins                                                                       ; On                 ;      ;    ;             ;
; Report Combined Fast/Slow Timing                                                                     ; Off                ;      ;    ;             ;
; Ignore Clock Settings                                                                                ; Off                ;      ;    ;             ;
; Analyze latches as synchronous elements                                                              ; On                 ;      ;    ;             ;
; Enable Recovery/Removal analysis                                                                     ; Off                ;      ;    ;             ;
; Enable Clock Latency                                                                                 ; Off                ;      ;    ;             ;
; Use TimeQuest Timing Analyzer                                                                        ; Off                ;      ;    ;             ;
; Number of source nodes to report per destination node                                                ; 10                 ;      ;    ;             ;
; Number of destination nodes to report                                                                ; 10                 ;      ;    ;             ;
; Number of paths to report                                                                            ; 200                ;      ;    ;             ;
; Report Minimum Timing Checks                                                                         ; Off                ;      ;    ;             ;
; Use Fast Timing Models                                                                               ; Off                ;      ;    ;             ;
; Report IO Paths Separately                                                                           ; Off                ;      ;    ;             ;
; Perform Multicorner Analysis                                                                         ; On                 ;      ;    ;             ;
; Reports the worst-case path for each clock domain and analysis                                       ; Off                ;      ;    ;             ;
; Reports worst-case timing paths for each clock domain and analysis                                   ; Off                ;      ;    ;             ;
; Specifies the maximum number of worst-case timing paths to report for each clock domain and analysis ; 100                ;      ;    ;             ;
; Removes common clock path pessimism (CCPP) during slack computation                                  ; Off                ;      ;    ;             ;
; Output I/O Timing Endpoint                                                                           ; Near End           ;      ;    ;             ;
+------------------------------------------------------------------------------------------------------+--------------------+------+----+-------------+


+------------------------------------------------------------------------------------------------------------------------------------------------------------------------------------+
; Clock Settings Summary                                                                                                                                                             ;
+-----------------+--------------------+----------+------------------+---------------+--------------+----------+-----------------------+---------------------+--------+--------------+
; Clock Node Name ; Clock Setting Name ; Type     ; Fmax Requirement ; Early Latency ; Late Latency ; Based on ; Multiply Base Fmax by ; Divide Base Fmax by ; Offset ; Phase offset ;
+-----------------+--------------------+----------+------------------+---------------+--------------+----------+-----------------------+---------------------+--------+--------------+
; i_clk           ;                    ; User Pin ; None             ; 0.000 ns      ; 0.000 ns     ; --       ; N/A                   ; N/A                 ; N/A    ;              ;
+-----------------+--------------------+----------+------------------+---------------+--------------+----------+-----------------------+---------------------+--------+--------------+


Parallel compilation was disabled, but you have multiple processors available. Enable parallel compilation to reduce compilation time.
+-------------------------------------+
; Parallel Compilation                ;
+----------------------------+--------+
; Processors                 ; Number ;
+----------------------------+--------+
; Number detected on machine ; 2      ;
; Maximum allowed            ; 1      ;
+----------------------------+--------+


+-------------------------------------------------------------------------------------------------------------------------------------------------------------------------------------------------+
; Clock Setup: 'i_clk'                                                                                                                                                                            ;
+-------+------------------------------------------------+----------+-----------------+------------+----------+-----------------------------+---------------------------+-------------------------+
; Slack ; Actual fmax (period)                           ; From     ; To              ; From Clock ; To Clock ; Required Setup Relationship ; Required Longest P2P Time ; Actual Longest P2P Time ;
+-------+------------------------------------------------+----------+-----------------+------------+----------+-----------------------------+---------------------------+-------------------------+
; N/A   ; Restricted to 500.00 MHz ( period = 2.000 ns ) ; a_rg[0]  ; o_sum[0]~reg0   ; i_clk      ; i_clk    ; None                        ; None                      ; 1.682 ns                ;
; N/A   ; Restricted to 500.00 MHz ( period = 2.000 ns ) ; a_rg[0]  ; o_sum[1]~reg0   ; i_clk      ; i_clk    ; None                        ; None                      ; 1.682 ns                ;
; N/A   ; Restricted to 500.00 MHz ( period = 2.000 ns ) ; a_rg[0]  ; o_sum[2]~reg0   ; i_clk      ; i_clk    ; None                        ; None                      ; 1.682 ns                ;
; N/A   ; Restricted to 500.00 MHz ( period = 2.000 ns ) ; a_rg[0]  ; o_sum[3]~reg0   ; i_clk      ; i_clk    ; None                        ; None                      ; 1.682 ns                ;
; N/A   ; Restricted to 500.00 MHz ( period = 2.000 ns ) ; b_rg[1]  ; o_sum[0]~reg0   ; i_clk      ; i_clk    ; None                        ; None                      ; 1.643 ns                ;
; N/A   ; Restricted to 500.00 MHz ( period = 2.000 ns ) ; b_rg[1]  ; o_sum[1]~reg0   ; i_clk      ; i_clk    ; None                        ; None                      ; 1.643 ns                ;
; N/A   ; Restricted to 500.00 MHz ( period = 2.000 ns ) ; b_rg[1]  ; o_sum[2]~reg0   ; i_clk      ; i_clk    ; None                        ; None                      ; 1.643 ns                ;
; N/A   ; Restricted to 500.00 MHz ( period = 2.000 ns ) ; b_rg[1]  ; o_sum[3]~reg0   ; i_clk      ; i_clk    ; None                        ; None                      ; 1.643 ns                ;
; N/A   ; Restricted to 500.00 MHz ( period = 2.000 ns ) ; a_rg[1]  ; o_sum[0]~reg0   ; i_clk      ; i_clk    ; None                        ; None                      ; 1.641 ns                ;
; N/A   ; Restricted to 500.00 MHz ( period = 2.000 ns ) ; a_rg[1]  ; o_sum[1]~reg0   ; i_clk      ; i_clk    ; None                        ; None                      ; 1.641 ns                ;
; N/A   ; Restricted to 500.00 MHz ( period = 2.000 ns ) ; a_rg[1]  ; o_sum[2]~reg0   ; i_clk      ; i_clk    ; None                        ; None                      ; 1.641 ns                ;
; N/A   ; Restricted to 500.00 MHz ( period = 2.000 ns ) ; a_rg[1]  ; o_sum[3]~reg0   ; i_clk      ; i_clk    ; None                        ; None                      ; 1.641 ns                ;
; N/A   ; Restricted to 500.00 MHz ( period = 2.000 ns ) ; b_rg[2]  ; o_sum[0]~reg0   ; i_clk      ; i_clk    ; None                        ; None                      ; 1.613 ns                ;
; N/A   ; Restricted to 500.00 MHz ( period = 2.000 ns ) ; b_rg[2]  ; o_sum[1]~reg0   ; i_clk      ; i_clk    ; None                        ; None                      ; 1.613 ns                ;
; N/A   ; Restricted to 500.00 MHz ( period = 2.000 ns ) ; b_rg[2]  ; o_sum[2]~reg0   ; i_clk      ; i_clk    ; None                        ; None                      ; 1.613 ns                ;
; N/A   ; Restricted to 500.00 MHz ( period = 2.000 ns ) ; b_rg[2]  ; o_sum[3]~reg0   ; i_clk      ; i_clk    ; None                        ; None                      ; 1.613 ns                ;
; N/A   ; Restricted to 500.00 MHz ( period = 2.000 ns ) ; a_rg[3]  ; o_sum[0]~reg0   ; i_clk      ; i_clk    ; None                        ; None                      ; 1.574 ns                ;
; N/A   ; Restricted to 500.00 MHz ( period = 2.000 ns ) ; a_rg[3]  ; o_sum[1]~reg0   ; i_clk      ; i_clk    ; None                        ; None                      ; 1.574 ns                ;
; N/A   ; Restricted to 500.00 MHz ( period = 2.000 ns ) ; a_rg[3]  ; o_sum[2]~reg0   ; i_clk      ; i_clk    ; None                        ; None                      ; 1.574 ns                ;
; N/A   ; Restricted to 500.00 MHz ( period = 2.000 ns ) ; a_rg[3]  ; o_sum[3]~reg0   ; i_clk      ; i_clk    ; None                        ; None                      ; 1.574 ns                ;
; N/A   ; Restricted to 500.00 MHz ( period = 2.000 ns ) ; b_rg[3]  ; o_sum[0]~reg0   ; i_clk      ; i_clk    ; None                        ; None                      ; 1.571 ns                ;
; N/A   ; Restricted to 500.00 MHz ( period = 2.000 ns ) ; b_rg[3]  ; o_sum[1]~reg0   ; i_clk      ; i_clk    ; None                        ; None                      ; 1.571 ns                ;
; N/A   ; Restricted to 500.00 MHz ( period = 2.000 ns ) ; b_rg[3]  ; o_sum[2]~reg0   ; i_clk      ; i_clk    ; None                        ; None                      ; 1.571 ns                ;
; N/A   ; Restricted to 500.00 MHz ( period = 2.000 ns ) ; b_rg[3]  ; o_sum[3]~reg0   ; i_clk      ; i_clk    ; None                        ; None                      ; 1.571 ns                ;
; N/A   ; Restricted to 500.00 MHz ( period = 2.000 ns ) ; b_rg[0]  ; o_sum[0]~reg0   ; i_clk      ; i_clk    ; None                        ; None                      ; 1.511 ns                ;
; N/A   ; Restricted to 500.00 MHz ( period = 2.000 ns ) ; b_rg[0]  ; o_sum[1]~reg0   ; i_clk      ; i_clk    ; None                        ; None                      ; 1.511 ns                ;
; N/A   ; Restricted to 500.00 MHz ( period = 2.000 ns ) ; b_rg[0]  ; o_sum[2]~reg0   ; i_clk      ; i_clk    ; None                        ; None                      ; 1.511 ns                ;
; N/A   ; Restricted to 500.00 MHz ( period = 2.000 ns ) ; b_rg[0]  ; o_sum[3]~reg0   ; i_clk      ; i_clk    ; None                        ; None                      ; 1.511 ns                ;
; N/A   ; Restricted to 500.00 MHz ( period = 2.000 ns ) ; a_rg[2]  ; o_sum[0]~reg0   ; i_clk      ; i_clk    ; None                        ; None                      ; 1.451 ns                ;
; N/A   ; Restricted to 500.00 MHz ( period = 2.000 ns ) ; a_rg[2]  ; o_sum[1]~reg0   ; i_clk      ; i_clk    ; None                        ; None                      ; 1.451 ns                ;
; N/A   ; Restricted to 500.00 MHz ( period = 2.000 ns ) ; a_rg[2]  ; o_sum[2]~reg0   ; i_clk      ; i_clk    ; None                        ; None                      ; 1.451 ns                ;
; N/A   ; Restricted to 500.00 MHz ( period = 2.000 ns ) ; a_rg[2]  ; o_sum[3]~reg0   ; i_clk      ; i_clk    ; None                        ; None                      ; 1.451 ns                ;
; N/A   ; Restricted to 500.00 MHz ( period = 2.000 ns ) ; a_rg[0]  ; o_overflow~reg0 ; i_clk      ; i_clk    ; None                        ; None                      ; 1.012 ns                ;
; N/A   ; Restricted to 500.00 MHz ( period = 2.000 ns ) ; b_rg[1]  ; o_overflow~reg0 ; i_clk      ; i_clk    ; None                        ; None                      ; 0.973 ns                ;
; N/A   ; Restricted to 500.00 MHz ( period = 2.000 ns ) ; a_rg[1]  ; o_overflow~reg0 ; i_clk      ; i_clk    ; None                        ; None                      ; 0.971 ns                ;
; N/A   ; Restricted to 500.00 MHz ( period = 2.000 ns ) ; b_rg[2]  ; o_overflow~reg0 ; i_clk      ; i_clk    ; None                        ; None                      ; 0.943 ns                ;
; N/A   ; Restricted to 500.00 MHz ( period = 2.000 ns ) ; a_rg[3]  ; o_overflow~reg0 ; i_clk      ; i_clk    ; None                        ; None                      ; 0.904 ns                ;
; N/A   ; Restricted to 500.00 MHz ( period = 2.000 ns ) ; b_rg[3]  ; o_overflow~reg0 ; i_clk      ; i_clk    ; None                        ; None                      ; 0.901 ns                ;
; N/A   ; Restricted to 500.00 MHz ( period = 2.000 ns ) ; b_rg[0]  ; o_overflow~reg0 ; i_clk      ; i_clk    ; None                        ; None                      ; 0.841 ns                ;
; N/A   ; Restricted to 500.00 MHz ( period = 2.000 ns ) ; a_rg[2]  ; o_overflow~reg0 ; i_clk      ; i_clk    ; None                        ; None                      ; 0.781 ns                ;
; N/A   ; Restricted to 500.00 MHz ( period = 2.000 ns ) ; valid_rg ; o_valid~reg0    ; i_clk      ; i_clk    ; None                        ; None                      ; 0.405 ns                ;
+-------+------------------------------------------------+----------+-----------------+------------+----------+-----------------------------+---------------------------+-------------------------+


+-----------------------------------------------------------------------+
; tsu                                                                   ;
+-------+--------------+------------+---------+--------------+----------+
; Slack ; Required tsu ; Actual tsu ; From    ; To           ; To Clock ;
+-------+--------------+------------+---------+--------------+----------+
; N/A   ; None         ; 3.331 ns   ; i_valid ; valid_rg     ; i_clk    ;
; N/A   ; None         ; 3.114 ns   ; i_b[3]  ; b_rg[3]      ; i_clk    ;
; N/A   ; None         ; 3.060 ns   ; i_a[2]  ; a_rg[2]      ; i_clk    ;
; N/A   ; None         ; 3.018 ns   ; i_a[0]  ; a_rg[0]      ; i_clk    ;
; N/A   ; None         ; 2.979 ns   ; i_b[2]  ; b_rg[2]      ; i_clk    ;
; N/A   ; None         ; 2.929 ns   ; i_b[0]  ; b_rg[0]      ; i_clk    ;
; N/A   ; None         ; 2.648 ns   ; i_rst   ; o_valid~reg0 ; i_clk    ;
; N/A   ; None         ; 2.648 ns   ; i_rst   ; valid_rg     ; i_clk    ;
; N/A   ; None         ; 2.610 ns   ; i_a[1]  ; a_rg[1]      ; i_clk    ;
; N/A   ; None         ; 2.606 ns   ; i_b[1]  ; b_rg[1]      ; i_clk    ;
; N/A   ; None         ; 2.603 ns   ; i_a[3]  ; a_rg[3]      ; i_clk    ;
+-------+--------------+------------+---------+--------------+----------+


+-------------------------------------------------------------------------------+
; tco                                                                           ;
+-------+--------------+------------+-----------------+------------+------------+
; Slack ; Required tco ; Actual tco ; From            ; To         ; From Clock ;
+-------+--------------+------------+-----------------+------------+------------+
; N/A   ; None         ; 7.363 ns   ; o_sum[2]~reg0   ; o_sum[2]   ; i_clk      ;
; N/A   ; None         ; 7.197 ns   ; o_overflow~reg0 ; o_overflow ; i_clk      ;
; N/A   ; None         ; 7.177 ns   ; o_sum[1]~reg0   ; o_sum[1]   ; i_clk      ;
; N/A   ; None         ; 6.565 ns   ; o_sum[3]~reg0   ; o_sum[3]   ; i_clk      ;
; N/A   ; None         ; 6.497 ns   ; o_sum[0]~reg0   ; o_sum[0]   ; i_clk      ;
; N/A   ; None         ; 6.054 ns   ; o_valid~reg0    ; o_valid    ; i_clk      ;
+-------+--------------+------------+-----------------+------------+------------+


+-----------------------------------------------------------------------------+
; th                                                                          ;
+---------------+-------------+-----------+---------+--------------+----------+
; Minimum Slack ; Required th ; Actual th ; From    ; To           ; To Clock ;
+---------------+-------------+-----------+---------+--------------+----------+
; N/A           ; None        ; -2.364 ns ; i_a[3]  ; a_rg[3]      ; i_clk    ;
; N/A           ; None        ; -2.367 ns ; i_b[1]  ; b_rg[1]      ; i_clk    ;
; N/A           ; None        ; -2.371 ns ; i_a[1]  ; a_rg[1]      ; i_clk    ;
; N/A           ; None        ; -2.409 ns ; i_rst   ; o_valid~reg0 ; i_clk    ;
; N/A           ; None        ; -2.409 ns ; i_rst   ; valid_rg     ; i_clk    ;
; N/A           ; None        ; -2.690 ns ; i_b[0]  ; b_rg[0]      ; i_clk    ;
; N/A           ; None        ; -2.740 ns ; i_b[2]  ; b_rg[2]      ; i_clk    ;
; N/A           ; None        ; -2.779 ns ; i_a[0]  ; a_rg[0]      ; i_clk    ;
; N/A           ; None        ; -2.821 ns ; i_a[2]  ; a_rg[2]      ; i_clk    ;
; N/A           ; None        ; -2.875 ns ; i_b[3]  ; b_rg[3]      ; i_clk    ;
; N/A           ; None        ; -3.092 ns ; i_valid ; valid_rg     ; i_clk    ;
+---------------+-------------+-----------+---------+--------------+----------+


+--------------------------+
; Timing Analyzer Messages ;
+--------------------------+
Info: *******************************************************************
Info: Running Quartus II Classic Timing Analyzer
    Info: Version 9.1 Build 350 03/24/2010 Service Pack 2 SJ Web Edition
    Info: Processing started: Sat Apr 11 15:32:36 2026
Info: Command: quartus_tan --read_settings_files=off --write_settings_files=off lec_6 -c lec_6 --timing_analysis_only
Warning: Found pins functioning as undefined clocks and/or memory enables
    Info: Assuming node "i_clk" is an undefined clock
Info: Clock "i_clk" Internal fmax is restricted to 500.0 MHz between source register "a_rg[0]" and destination register "o_sum[0]~reg0"
    Info: fmax restricted to clock pin edge rate 2.0 ns. Expand message to see actual delay path.
        Info: + Longest register to register delay is 1.682 ns
            Info: 1: + IC(0.000 ns) + CELL(0.000 ns) = 0.000 ns; Loc. = LCFF_X19_Y2_N31; Fanout = 2; REG Node = 'a_rg[0]'
            Info: 2: + IC(0.249 ns) + CELL(0.436 ns) = 0.685 ns; Loc. = LCCOMB_X19_Y2_N0; Fanout = 2; COMB Node = 'Add0~2'
            Info: 3: + IC(0.000 ns) + CELL(0.035 ns) = 0.720 ns; Loc. = LCCOMB_X19_Y2_N2; Fanout = 2; COMB Node = 'Add0~6'
            Info: 4: + IC(0.000 ns) + CELL(0.035 ns) = 0.755 ns; Loc. = LCCOMB_X19_Y2_N4; Fanout = 2; COMB Node = 'Add0~10'
            Info: 5: + IC(0.000 ns) + CELL(0.035 ns) = 0.790 ns; Loc. = LCCOMB_X19_Y2_N6; Fanout = 1; COMB Node = 'Add0~14'
            Info: 6: + IC(0.000 ns) + CELL(0.125 ns) = 0.915 ns; Loc. = LCCOMB_X19_Y2_N8; Fanout = 5; COMB Node = 'Add0~17'
            Info: 7: + IC(0.264 ns) + CELL(0.503 ns) = 1.682 ns; Loc. = LCFF_X19_Y2_N1; Fanout = 1; REG Node = 'o_sum[0]~reg0'
            Info: Total cell delay = 1.169 ns ( 69.50 % )
            Info: Total interconnect delay = 0.513 ns ( 30.50 % )
        Info: - Smallest clock skew is 0.000 ns
            Info: + Shortest clock path from clock "i_clk" to destination register is 2.473 ns
                Info: 1: + IC(0.000 ns) + CELL(0.854 ns) = 0.854 ns; Loc. = PIN_N20; Fanout = 1; CLK Node = 'i_clk'
                Info: 2: + IC(0.343 ns) + CELL(0.000 ns) = 1.197 ns; Loc. = CLKCTRL_G3; Fanout = 15; COMB Node = 'i_clk~clkctrl'
                Info: 3: + IC(0.658 ns) + CELL(0.618 ns) = 2.473 ns; Loc. = LCFF_X19_Y2_N1; Fanout = 1; REG Node = 'o_sum[0]~reg0'
                Info: Total cell delay = 1.472 ns ( 59.52 % )
                Info: Total interconnect delay = 1.001 ns ( 40.48 % )
            Info: - Longest clock path from clock "i_clk" to source register is 2.473 ns
                Info: 1: + IC(0.000 ns) + CELL(0.854 ns) = 0.854 ns; Loc. = PIN_N20; Fanout = 1; CLK Node = 'i_clk'
                Info: 2: + IC(0.343 ns) + CELL(0.000 ns) = 1.197 ns; Loc. = CLKCTRL_G3; Fanout = 15; COMB Node = 'i_clk~clkctrl'
                Info: 3: + IC(0.658 ns) + CELL(0.618 ns) = 2.473 ns; Loc. = LCFF_X19_Y2_N31; Fanout = 2; REG Node = 'a_rg[0]'
                Info: Total cell delay = 1.472 ns ( 59.52 % )
                Info: Total interconnect delay = 1.001 ns ( 40.48 % )
        Info: + Micro clock to output delay of source is 0.094 ns
        Info: + Micro setup delay of destination is 0.090 ns
Info: tsu for register "valid_rg" (data pin = "i_valid", clock pin = "i_clk") is 3.331 ns
    Info: + Longest pin to register delay is 5.733 ns
        Info: 1: + IC(0.000 ns) + CELL(0.857 ns) = 0.857 ns; Loc. = PIN_A7; Fanout = 1; PIN Node = 'i_valid'
        Info: 2: + IC(4.493 ns) + CELL(0.228 ns) = 5.578 ns; Loc. = LCCOMB_X38_Y10_N16; Fanout = 1; COMB Node = 'valid_rg~0'
        Info: 3: + IC(0.000 ns) + CELL(0.155 ns) = 5.733 ns; Loc. = LCFF_X38_Y10_N17; Fanout = 1; REG Node = 'valid_rg'
        Info: Total cell delay = 1.240 ns ( 21.63 % )
        Info: Total interconnect delay = 4.493 ns ( 78.37 % )
    Info: + Micro setup delay of destination is 0.090 ns
    Info: - Shortest clock path from clock "i_clk" to destination register is 2.492 ns
        Info: 1: + IC(0.000 ns) + CELL(0.854 ns) = 0.854 ns; Loc. = PIN_N20; Fanout = 1; CLK Node = 'i_clk'
        Info: 2: + IC(0.343 ns) + CELL(0.000 ns) = 1.197 ns; Loc. = CLKCTRL_G3; Fanout = 15; COMB Node = 'i_clk~clkctrl'
        Info: 3: + IC(0.677 ns) + CELL(0.618 ns) = 2.492 ns; Loc. = LCFF_X38_Y10_N17; Fanout = 1; REG Node = 'valid_rg'
        Info: Total cell delay = 1.472 ns ( 59.07 % )
        Info: Total interconnect delay = 1.020 ns ( 40.93 % )
Info: tco from clock "i_clk" to destination pin "o_sum[2]" through register "o_sum[2]~reg0" is 7.363 ns
    Info: + Longest clock path from clock "i_clk" to source register is 2.473 ns
        Info: 1: + IC(0.000 ns) + CELL(0.854 ns) = 0.854 ns; Loc. = PIN_N20; Fanout = 1; CLK Node = 'i_clk'
        Info: 2: + IC(0.343 ns) + CELL(0.000 ns) = 1.197 ns; Loc. = CLKCTRL_G3; Fanout = 15; COMB Node = 'i_clk~clkctrl'
        Info: 3: + IC(0.658 ns) + CELL(0.618 ns) = 2.473 ns; Loc. = LCFF_X19_Y2_N5; Fanout = 1; REG Node = 'o_sum[2]~reg0'
        Info: Total cell delay = 1.472 ns ( 59.52 % )
        Info: Total interconnect delay = 1.001 ns ( 40.48 % )
    Info: + Micro clock to output delay of source is 0.094 ns
    Info: + Longest register to pin delay is 4.796 ns
        Info: 1: + IC(0.000 ns) + CELL(0.000 ns) = 0.000 ns; Loc. = LCFF_X19_Y2_N5; Fanout = 1; REG Node = 'o_sum[2]~reg0'
        Info: 2: + IC(2.814 ns) + CELL(1.982 ns) = 4.796 ns; Loc. = PIN_B8; Fanout = 0; PIN Node = 'o_sum[2]'
        Info: Total cell delay = 1.982 ns ( 41.33 % )
        Info: Total interconnect delay = 2.814 ns ( 58.67 % )
Info: th for register "a_rg[3]" (data pin = "i_a[3]", clock pin = "i_clk") is -2.364 ns
    Info: + Longest clock path from clock "i_clk" to destination register is 2.473 ns
        Info: 1: + IC(0.000 ns) + CELL(0.854 ns) = 0.854 ns; Loc. = PIN_N20; Fanout = 1; CLK Node = 'i_clk'
        Info: 2: + IC(0.343 ns) + CELL(0.000 ns) = 1.197 ns; Loc. = CLKCTRL_G3; Fanout = 15; COMB Node = 'i_clk~clkctrl'
        Info: 3: + IC(0.658 ns) + CELL(0.618 ns) = 2.473 ns; Loc. = LCFF_X19_Y2_N29; Fanout = 2; REG Node = 'a_rg[3]'
        Info: Total cell delay = 1.472 ns ( 59.52 % )
        Info: Total interconnect delay = 1.001 ns ( 40.48 % )
    Info: + Micro hold delay of destination is 0.149 ns
    Info: - Shortest pin to register delay is 4.986 ns
        Info: 1: + IC(0.000 ns) + CELL(0.837 ns) = 0.837 ns; Loc. = PIN_Y13; Fanout = 1; PIN Node = 'i_a[3]'
        Info: 2: + IC(3.941 ns) + CELL(0.053 ns) = 4.831 ns; Loc. = LCCOMB_X19_Y2_N28; Fanout = 1; COMB Node = 'a_rg[3]~feeder'
        Info: 3: + IC(0.000 ns) + CELL(0.155 ns) = 4.986 ns; Loc. = LCFF_X19_Y2_N29; Fanout = 2; REG Node = 'a_rg[3]'
        Info: Total cell delay = 1.045 ns ( 20.96 % )
        Info: Total interconnect delay = 3.941 ns ( 79.04 % )
Info: Quartus II Classic Timing Analyzer was successful. 0 errors, 1 warning
    Info: Peak virtual memory: 172 megabytes
    Info: Processing ended: Sat Apr 11 15:32:37 2026
    Info: Elapsed time: 00:00:01
    Info: Total CPU time (on all processors): 00:00:01


